2024-05-05 01:50:21,494 - root -    DEBUG - database_utils : 125 - Ensuring that sheet with id 4 exists...
2024-05-05 01:50:21,543 - root -    DEBUG - database_utils : 94 - Parsing all columns in sheet 4...
2024-05-05 01:50:21,546 - root -    DEBUG - database_utils : 111 - Parsing all cells in column 12...
2024-05-05 01:50:21,546 - root -    DEBUG - database_utils : 119 - Successfully parsed cells in column 12...
2024-05-05 01:50:21,547 - root -    DEBUG - database_utils : 111 - Parsing all cells in column 13...
2024-05-05 01:50:21,547 - root -    DEBUG - database_utils : 119 - Successfully parsed cells in column 13...
2024-05-05 01:50:21,548 - root -    DEBUG - database_utils : 111 - Parsing all cells in column 14...
2024-05-05 01:50:21,548 - root -    DEBUG - database_utils : 119 - Successfully parsed cells in column 14...
2024-05-05 01:50:21,549 - root -    DEBUG - database_utils : 111 - Parsing all cells in column 15...
2024-05-05 01:50:21,549 - root -    DEBUG - database_utils : 119 - Successfully parsed cells in column 15...
2024-05-05 01:50:21,550 - root -    DEBUG - database_utils : 111 - Parsing all cells in column 16...
2024-05-05 01:50:21,550 - root -    DEBUG - database_utils : 119 - Successfully parsed cells in column 16...
2024-05-05 01:50:21,551 - root -    DEBUG - database_utils : 111 - Parsing all cells in column 17...
2024-05-05 01:50:21,551 - root -    DEBUG - database_utils : 119 - Successfully parsed cells in column 17...
2024-05-05 01:50:21,552 - root -    DEBUG - database_utils : 111 - Parsing all cells in column 18...
2024-05-05 01:50:21,552 - root -    DEBUG - database_utils : 119 - Successfully parsed cells in column 18...
2024-05-05 01:50:21,553 - root -    DEBUG - database_utils : 111 - Parsing all cells in column 19...
2024-05-05 01:50:21,554 - root -    DEBUG - database_utils : 119 - Successfully parsed cells in column 19...
2024-05-05 01:50:21,554 - root -     INFO - database_utils : 102 - Successfully parsed columns in sheet 4 to json format!
2024-05-05 01:50:44,487 - root -    DEBUG - database_utils : 125 - Ensuring that sheet with id 4 exists...
2024-05-05 01:50:44,489 - root -    DEBUG - router : 66 - Getting the requested column 'A' in sheet '4'...
2024-05-05 01:50:44,490 - root -    DEBUG - router : 85 - Ensuring that cell value 'True' in row 11 is valid...
2024-05-05 01:50:44,492 - root -    DEBUG - database_utils : 75 - Creating new cell in column 12, row 11 with value True...
2024-05-05 01:50:44,500 - root -     INFO - router : 80 - Successfully inserted/updated cell with id 14!
2024-05-05 01:50:58,878 - root -    DEBUG - database_utils : 125 - Ensuring that sheet with id 4 exists...
2024-05-05 01:50:58,880 - root -    DEBUG - router : 66 - Getting the requested column 'AA' in sheet '4'...
2024-05-05 01:50:58,881 - root -    DEBUG - router : 85 - Ensuring that cell value 'lookup(A,11)' in row 1 is valid...
2024-05-05 01:50:58,882 - root -    DEBUG - router : 89 - Finding the actual value of the lookup function 'lookup(A,11)'...
2024-05-05 01:50:58,882 - root -    DEBUG - database_utils : 31 - Fetching the value of lookup function 'lookup(A,11)'...
2024-05-05 01:50:58,885 - root -    DEBUG - database_utils : 39 - Found the actual value True of lookup function 'lookup(A,11)'...
2024-05-05 01:50:58,886 - root -    DEBUG - database_utils : 75 - Creating new cell in column 16, row 1 with value lookup(A,11)...
2024-05-05 01:50:58,890 - root -     INFO - router : 80 - Successfully inserted/updated cell with id 15!
2024-05-05 01:51:08,743 - root -    DEBUG - database_utils : 125 - Ensuring that sheet with id 4 exists...
2024-05-05 01:51:08,746 - root -    DEBUG - router : 66 - Getting the requested column 'A' in sheet '4'...
2024-05-05 01:51:08,747 - root -    DEBUG - router : 85 - Ensuring that cell value 'lookup(AA,1)' in row 1 is valid...
2024-05-05 01:51:08,747 - root -    DEBUG - router : 89 - Finding the actual value of the lookup function 'lookup(AA,1)'...
2024-05-05 01:51:08,747 - root -    DEBUG - database_utils : 31 - Fetching the value of lookup function 'lookup(AA,1)'...
2024-05-05 01:51:08,750 - root -    DEBUG - database_utils : 31 - Fetching the value of lookup function 'lookup(A,11)'...
2024-05-05 01:51:08,753 - root -    DEBUG - database_utils : 39 - Found the actual value True of lookup function 'lookup(A,11)'...
2024-05-05 01:51:08,755 - root -    DEBUG - database_utils : 75 - Creating new cell in column 12, row 1 with value lookup(AA,1)...
2024-05-05 01:51:08,774 - root -     INFO - router : 80 - Successfully inserted/updated cell with id 16!
2024-05-05 01:51:26,490 - root -    DEBUG - database_utils : 125 - Ensuring that sheet with id 4 exists...
2024-05-05 01:51:26,492 - root -    DEBUG - router : 66 - Getting the requested column 'A' in sheet '4'...
2024-05-05 01:51:26,493 - root -    DEBUG - router : 85 - Ensuring that cell value 'lookup(B,1)' in row 11 is valid...
2024-05-05 01:51:26,493 - root -    DEBUG - router : 89 - Finding the actual value of the lookup function 'lookup(B,1)'...
2024-05-05 01:51:26,493 - root -    DEBUG - database_utils : 31 - Fetching the value of lookup function 'lookup(B,1)'...
2024-05-05 01:51:30,759 - root -    DEBUG - database_utils : 125 - Ensuring that sheet with id 4 exists...
2024-05-05 01:51:30,761 - root -    DEBUG - router : 66 - Getting the requested column 'A' in sheet '4'...
2024-05-05 01:51:30,762 - root -    DEBUG - router : 85 - Ensuring that cell value 'lookup(A,1)' in row 11 is valid...
2024-05-05 01:51:30,762 - root -    DEBUG - router : 89 - Finding the actual value of the lookup function 'lookup(A,1)'...
2024-05-05 01:51:30,762 - root -    DEBUG - database_utils : 31 - Fetching the value of lookup function 'lookup(A,1)'...
2024-05-05 01:51:30,764 - root -    DEBUG - database_utils : 31 - Fetching the value of lookup function 'lookup(AA,1)'...
2024-05-05 01:51:30,766 - root -    DEBUG - database_utils : 31 - Fetching the value of lookup function 'lookup(A,11)'...
2024-05-05 01:51:36,648 - root -    DEBUG - database_utils : 125 - Ensuring that sheet with id 4 exists...
2024-05-05 01:51:36,652 - root -    DEBUG - router : 66 - Getting the requested column 'A' in sheet '4'...
2024-05-05 01:51:36,654 - root -    DEBUG - router : 85 - Ensuring that cell value 'lookup(A,11)' in row 11 is valid...
2024-05-05 01:51:36,654 - root -    DEBUG - router : 89 - Finding the actual value of the lookup function 'lookup(A,11)'...
2024-05-05 01:51:36,655 - root -    DEBUG - database_utils : 31 - Fetching the value of lookup function 'lookup(A,11)'...
2024-05-05 01:51:50,756 - root -    DEBUG - database_utils : 125 - Ensuring that sheet with id 4 exists...
2024-05-05 01:51:50,758 - root -    DEBUG - router : 66 - Getting the requested column 'A' in sheet '4'...
2024-05-05 01:51:50,759 - root -    DEBUG - router : 85 - Ensuring that cell value 'lookup(A,1)' in row 12 is valid...
2024-05-05 01:51:50,759 - root -    DEBUG - router : 89 - Finding the actual value of the lookup function 'lookup(A,1)'...
2024-05-05 01:51:50,759 - root -    DEBUG - database_utils : 31 - Fetching the value of lookup function 'lookup(A,1)'...
2024-05-05 01:51:50,761 - root -    DEBUG - database_utils : 31 - Fetching the value of lookup function 'lookup(AA,1)'...
2024-05-05 01:51:50,763 - root -    DEBUG - database_utils : 31 - Fetching the value of lookup function 'lookup(A,11)'...
2024-05-05 01:51:50,765 - root -    DEBUG - database_utils : 39 - Found the actual value True of lookup function 'lookup(A,11)'...
2024-05-05 01:51:50,766 - root -    DEBUG - database_utils : 75 - Creating new cell in column 12, row 12 with value lookup(A,1)...
2024-05-05 01:51:50,769 - root -     INFO - router : 80 - Successfully inserted/updated cell with id 17!
2024-05-05 01:51:55,057 - root -    DEBUG - database_utils : 125 - Ensuring that sheet with id 4 exists...
2024-05-05 01:51:55,059 - root -    DEBUG - database_utils : 94 - Parsing all columns in sheet 4...
2024-05-05 01:51:55,060 - root -    DEBUG - database_utils : 111 - Parsing all cells in column 12...
2024-05-05 01:51:55,060 - root -    DEBUG - database_utils : 31 - Fetching the value of lookup function 'lookup(AA,1)'...
2024-05-05 01:51:55,061 - root -    DEBUG - database_utils : 31 - Fetching the value of lookup function 'lookup(A,11)'...
2024-05-05 01:51:55,062 - root -    DEBUG - database_utils : 39 - Found the actual value True of lookup function 'lookup(A,11)'...
2024-05-05 01:51:55,062 - root -    DEBUG - database_utils : 31 - Fetching the value of lookup function 'lookup(A,1)'...
2024-05-05 01:51:55,062 - root -    DEBUG - database_utils : 39 - Found the actual value True of lookup function 'lookup(A,1)'...
2024-05-05 01:51:55,062 - root -    DEBUG - database_utils : 119 - Successfully parsed cells in column 12...
2024-05-05 01:51:55,063 - root -    DEBUG - database_utils : 111 - Parsing all cells in column 13...
2024-05-05 01:51:55,063 - root -    DEBUG - database_utils : 119 - Successfully parsed cells in column 13...
2024-05-05 01:51:55,063 - root -    DEBUG - database_utils : 111 - Parsing all cells in column 14...
2024-05-05 01:51:55,063 - root -    DEBUG - database_utils : 119 - Successfully parsed cells in column 14...
2024-05-05 01:51:55,064 - root -    DEBUG - database_utils : 111 - Parsing all cells in column 15...
2024-05-05 01:51:55,064 - root -    DEBUG - database_utils : 119 - Successfully parsed cells in column 15...
2024-05-05 01:51:55,064 - root -    DEBUG - database_utils : 111 - Parsing all cells in column 16...
2024-05-05 01:51:55,064 - root -    DEBUG - database_utils : 31 - Fetching the value of lookup function 'lookup(A,11)'...
2024-05-05 01:51:55,065 - root -    DEBUG - database_utils : 39 - Found the actual value True of lookup function 'lookup(A,11)'...
2024-05-05 01:51:55,065 - root -    DEBUG - database_utils : 119 - Successfully parsed cells in column 16...
2024-05-05 01:51:55,066 - root -    DEBUG - database_utils : 111 - Parsing all cells in column 17...
2024-05-05 01:51:55,066 - root -    DEBUG - database_utils : 119 - Successfully parsed cells in column 17...
2024-05-05 01:51:55,066 - root -    DEBUG - database_utils : 111 - Parsing all cells in column 18...
2024-05-05 01:51:55,066 - root -    DEBUG - database_utils : 119 - Successfully parsed cells in column 18...
2024-05-05 01:51:55,067 - root -    DEBUG - database_utils : 111 - Parsing all cells in column 19...
2024-05-05 01:51:55,067 - root -    DEBUG - database_utils : 119 - Successfully parsed cells in column 19...
2024-05-05 01:51:55,067 - root -     INFO - database_utils : 102 - Successfully parsed columns in sheet 4 to json format!
